C:\USERS\ENG.AHMED HANI\DOCUMENTS\VISUAL STUDIO 2012\PROJECTS\PARALLELTEXTSEARCH\PARALLELTEXTSEARCH\DEBUG\SEARCHNODE.OBJ
C:\USERS\ENG.AHMED HANI\DOCUMENTS\VISUAL STUDIO 2012\PROJECTS\PARALLELTEXTSEARCH\PARALLELTEXTSEARCH\DEBUG\SEARCHSTATE.OBJ
C:\USERS\ENG.AHMED HANI\DOCUMENTS\VISUAL STUDIO 2012\PROJECTS\PARALLELTEXTSEARCH\PARALLELTEXTSEARCH\DEBUG\SOURCE.OBJ
C:\USERS\ENG.AHMED HANI\DOCUMENTS\VISUAL STUDIO 2012\PROJECTS\PARALLELTEXTSEARCH\PARALLELTEXTSEARCH\DEBUG\VC110.PDB
c:\Users\eng.ahmed hani\documents\visual studio 2012\Projects\ParallelTextSearch\ParallelTextSearch\Debug\SearchNode.obj
c:\Users\eng.ahmed hani\documents\visual studio 2012\Projects\ParallelTextSearch\ParallelTextSearch\Debug\SearchState.obj
c:\Users\eng.ahmed hani\documents\visual studio 2012\Projects\ParallelTextSearch\ParallelTextSearch\Debug\Source.obj
c:\Users\eng.ahmed hani\documents\visual studio 2012\Projects\ParallelTextSearch\ParallelTextSearch\Debug\cl.command.1.tlog
c:\Users\eng.ahmed hani\documents\visual studio 2012\Projects\ParallelTextSearch\ParallelTextSearch\Debug\CL.read.1.tlog
c:\Users\eng.ahmed hani\documents\visual studio 2012\Projects\ParallelTextSearch\ParallelTextSearch\Debug\CL.write.1.tlog
c:\Users\eng.ahmed hani\documents\visual studio 2012\Projects\ParallelTextSearch\ParallelTextSearch\Debug\link-cvtres.read.1.tlog
c:\Users\eng.ahmed hani\documents\visual studio 2012\Projects\ParallelTextSearch\ParallelTextSearch\Debug\link-cvtres.write.1.tlog
c:\Users\eng.ahmed hani\documents\visual studio 2012\Projects\ParallelTextSearch\ParallelTextSearch\Debug\link-rc.read.1.tlog
c:\Users\eng.ahmed hani\documents\visual studio 2012\Projects\ParallelTextSearch\ParallelTextSearch\Debug\link-rc.write.1.tlog
c:\Users\eng.ahmed hani\documents\visual studio 2012\Projects\ParallelTextSearch\ParallelTextSearch\Debug\link.command.1.tlog
c:\Users\eng.ahmed hani\documents\visual studio 2012\Projects\ParallelTextSearch\ParallelTextSearch\Debug\link.read.1.tlog
c:\Users\eng.ahmed hani\documents\visual studio 2012\Projects\ParallelTextSearch\ParallelTextSearch\Debug\link.write.1.tlog
c:\Users\eng.ahmed hani\documents\visual studio 2012\Projects\ParallelTextSearch\ParallelTextSearch\Debug\vc110.idb
c:\Users\eng.ahmed hani\documents\visual studio 2012\Projects\ParallelTextSearch\ParallelTextSearch\Debug\vc110.pdb
c:\users\eng.ahmed hani\documents\visual studio 2012\Projects\ParallelTextSearch\Debug\ParallelTextSearch.pdb
