Build started 5/10/2015 12:06:02 AM.
     1>Project "C:\Users\ENG.AHMED HANI\documents\visual studio 2012\Projects\ParallelTextSearch\ParallelTextSearch\ParallelTextSearch.vcxproj" on node 2 (Build target(s)).
     1>ClCompile:
         C:\Program Files (x86)\Microsoft Visual Studio 11.0\VC\bin\CL.exe /c /I"C:\Program Files\Microsoft HPC Pack 2012\Inc" /ZI /nologo /W3 /WX- /Od /Oy- /D WIN32 /D _DEBUG /D _CONSOLE /D _UNICODE /D UNICODE /Gm /EHsc /RTC1 /MDd /GS /fp:precise /Zc:wchar_t /Zc:forScope /openmp /Fo"Debug\\" /Fd"Debug\vc110.pdb" /Gd /TP /analyze- /errorReport:prompt SearchNode.cpp SearchState.cpp Source.cpp
         Source.cpp
     1>c:\users\eng.ahmed hani\documents\visual studio 2012\projects\paralleltextsearch\paralleltextsearch\source.cpp(21): warning C4018: '<' : signed/unsigned mismatch
     1>c:\users\eng.ahmed hani\documents\visual studio 2012\projects\paralleltextsearch\paralleltextsearch\source.cpp(47): warning C4018: '<' : signed/unsigned mismatch
     1>c:\users\eng.ahmed hani\documents\visual studio 2012\projects\paralleltextsearch\paralleltextsearch\source.cpp(71): warning C4101: 'id' : unreferenced local variable
         SearchState.cpp
     1>c:\users\eng.ahmed hani\documents\visual studio 2012\projects\paralleltextsearch\paralleltextsearch\searchstate.cpp(39): warning C4018: '<' : signed/unsigned mismatch
     1>c:\users\eng.ahmed hani\documents\visual studio 2012\projects\paralleltextsearch\paralleltextsearch\searchstate.cpp(45): warning C4018: '>=' : signed/unsigned mismatch
         SearchNode.cpp
     1>c:\users\eng.ahmed hani\documents\visual studio 2012\projects\paralleltextsearch\paralleltextsearch\searchnode.cpp(29): warning C4018: '<' : signed/unsigned mismatch
         Generating Code...
       Link:
         C:\Program Files (x86)\Microsoft Visual Studio 11.0\VC\bin\link.exe /ERRORREPORT:PROMPT /OUT:"C:\Users\ENG.AHMED HANI\documents\visual studio 2012\Projects\ParallelTextSearch\Debug\ParallelTextSearch.exe" /INCREMENTAL /NOLOGO /LIBPATH:"C:\Program Files\Microsoft HPC Pack 2012\Lib\i386" msmpi.lib kernel32.lib user32.lib gdi32.lib winspool.lib comdlg32.lib advapi32.lib shell32.lib ole32.lib oleaut32.lib uuid.lib odbc32.lib odbccp32.lib /MANIFEST /MANIFESTUAC:"level='asInvoker' uiAccess='false'" /manifest:embed /DEBUG /PDB:"C:\Users\ENG.AHMED HANI\documents\visual studio 2012\Projects\ParallelTextSearch\Debug\ParallelTextSearch.pdb" /SUBSYSTEM:CONSOLE /TLBID:1 /DYNAMICBASE /NXCOMPAT /IMPLIB:"C:\Users\ENG.AHMED HANI\documents\visual studio 2012\Projects\ParallelTextSearch\Debug\ParallelTextSearch.lib" /MACHINE:X86 Debug\SearchNode.obj
         Debug\SearchState.obj
         Debug\Source.obj
         ParallelTextSearch.vcxproj -> C:\Users\ENG.AHMED HANI\documents\visual studio 2012\Projects\ParallelTextSearch\Debug\ParallelTextSearch.exe
     1>Done Building Project "C:\Users\ENG.AHMED HANI\documents\visual studio 2012\Projects\ParallelTextSearch\ParallelTextSearch\ParallelTextSearch.vcxproj" (Build target(s)).

Build succeeded.

Time Elapsed 00:00:05.89
